This is pdfTeX, Version 3.14159265-2.6-1.40.21 (TeX Live 2020/Arch Linux) (preloaded format=pdflatex 2020.10.15)  3 NOV 2020 11:09
entering extended mode
 restricted \write18 enabled.
 file:line:error style messages enabled.
 %&-line parsing enabled.
**/home/guinea/notes/ee128/labs/lab5b/lab5b.tex
(/home/guinea/notes/ee128/labs/lab5b/lab5b.tex
LaTeX2e <2020-02-02> patch level 5
L3 programming layer <2020-06-03> (/usr/share/texmf-dist/tex/latex/base/article.cls
Document Class: article 2019/12/20 v1.4l Standard LaTeX document class
(/usr/share/texmf-dist/tex/latex/base/size11.clo
File: size11.clo 2019/12/20 v1.4l Standard LaTeX file (size option)
)
\c@part=\count167
\c@section=\count168
\c@subsection=\count169
\c@subsubsection=\count170
\c@paragraph=\count171
\c@subparagraph=\count172
\c@figure=\count173
\c@table=\count174
\abovecaptionskip=\skip47
\belowcaptionskip=\skip48
\bibindent=\dimen134
) (/usr/share/texmf-dist/tex/latex/amsmath/amsmath.sty
Package: amsmath 2020/01/20 v2.17e AMS math features
\@mathmargin=\skip49

For additional information on amsmath, use the `?' option.
(/usr/share/texmf-dist/tex/latex/amsmath/amstext.sty
Package: amstext 2000/06/29 v2.01 AMS text
 (/usr/share/texmf-dist/tex/latex/amsmath/amsgen.sty
File: amsgen.sty 1999/11/30 v2.0 generic functions
\@emptytoks=\toks15
\ex@=\dimen135
)) (/usr/share/texmf-dist/tex/latex/amsmath/amsbsy.sty
Package: amsbsy 1999/11/29 v1.2d Bold Symbols
\pmbraise@=\dimen136
) (/usr/share/texmf-dist/tex/latex/amsmath/amsopn.sty
Package: amsopn 2016/03/08 v2.02 operator names
)
\inf@bad=\count175
LaTeX Info: Redefining \frac on input line 227.
\uproot@=\count176
\leftroot@=\count177
LaTeX Info: Redefining \overline on input line 389.
\classnum@=\count178
\DOTSCASE@=\count179
LaTeX Info: Redefining \ldots on input line 486.
LaTeX Info: Redefining \dots on input line 489.
LaTeX Info: Redefining \cdots on input line 610.
\Mathstrutbox@=\box45
\strutbox@=\box46
\big@size=\dimen137
LaTeX Font Info:    Redeclaring font encoding OML on input line 733.
LaTeX Font Info:    Redeclaring font encoding OMS on input line 734.
\macc@depth=\count180
\c@MaxMatrixCols=\count181
\dotsspace@=\muskip16
\c@parentequation=\count182
\dspbrk@lvl=\count183
\tag@help=\toks16
\row@=\count184
\column@=\count185
\maxfields@=\count186
\andhelp@=\toks17
\eqnshift@=\dimen138
\alignsep@=\dimen139
\tagshift@=\dimen140
\tagwidth@=\dimen141
\totwidth@=\dimen142
\lineht@=\dimen143
\@envbody=\toks18
\multlinegap=\skip50
\multlinetaggap=\skip51
\mathdisplay@stack=\toks19
LaTeX Info: Redefining \[ on input line 2859.
LaTeX Info: Redefining \] on input line 2860.
) (/usr/share/texmf-dist/tex/latex/base/textcomp.sty
Package: textcomp 2020/02/02 v2.0n Standard LaTeX package
) (/usr/share/texmf-dist/tex/latex/amsfonts/amssymb.sty
Package: amssymb 2013/01/14 v3.01 AMS font symbols
 (/usr/share/texmf-dist/tex/latex/amsfonts/amsfonts.sty
Package: amsfonts 2013/01/14 v3.01 Basic AMSFonts support
\symAMSa=\mathgroup4
\symAMSb=\mathgroup5
LaTeX Font Info:    Redeclaring math symbol \hbar on input line 98.
LaTeX Font Info:    Overwriting math alphabet `\mathfrak' in version `bold'
(Font)                  U/euf/m/n --> U/euf/b/n on input line 106.
)) (/usr/share/texmf-dist/tex/latex/geometry/geometry.sty
Package: geometry 2020/01/02 v5.9 Page Geometry
 (/usr/share/texmf-dist/tex/latex/graphics/keyval.sty
Package: keyval 2014/10/28 v1.15 key=value parser (DPC)
\KV@toks@=\toks20
) (/usr/share/texmf-dist/tex/generic/iftex/ifvtex.sty
Package: ifvtex 2019/10/25 v1.7 ifvtex legacy package. Use iftex instead.
 (/usr/share/texmf-dist/tex/generic/iftex/iftex.sty
Package: iftex 2020/03/06 v1.0d TeX engine tests
))
\Gm@cnth=\count187
\Gm@cntv=\count188
\c@Gm@tempcnt=\count189
\Gm@bindingoffset=\dimen144
\Gm@wd@mp=\dimen145
\Gm@odd@mp=\dimen146
\Gm@even@mp=\dimen147
\Gm@layoutwidth=\dimen148
\Gm@layoutheight=\dimen149
\Gm@layouthoffset=\dimen150
\Gm@layoutvoffset=\dimen151
\Gm@dimlist=\toks21
) (/usr/share/texmf-dist/tex/latex/graphics/graphicx.sty
Package: graphicx 2019/11/30 v1.2a Enhanced LaTeX Graphics (DPC,SPQR)
 (/usr/share/texmf-dist/tex/latex/graphics/graphics.sty
Package: graphics 2019/11/30 v1.4a Standard LaTeX Graphics (DPC,SPQR)
 (/usr/share/texmf-dist/tex/latex/graphics/trig.sty
Package: trig 2016/01/03 v1.10 sin cos tan (DPC)
) (/usr/share/texmf-dist/tex/latex/graphics-cfg/graphics.cfg
File: graphics.cfg 2016/06/04 v1.11 sample graphics configuration
)
Package graphics Info: Driver file: pdftex.def on input line 105.
 (/usr/share/texmf-dist/tex/latex/graphics-def/pdftex.def
File: pdftex.def 2018/01/08 v1.0l Graphics/color driver for pdftex
))
\Gin@req@height=\dimen152
\Gin@req@width=\dimen153
) (/usr/share/texmf-dist/tex/latex/tools/enumerate.sty
Package: enumerate 2015/07/23 v3.00 enumerate extensions (DPC)
\@enLab=\toks22
) (/usr/share/texmf-dist/tex/latex/listings/listings.sty
\lst@mode=\count190
\lst@gtempboxa=\box47
\lst@token=\toks23
\lst@length=\count191
\lst@currlwidth=\dimen154
\lst@column=\count192
\lst@pos=\count193
\lst@lostspace=\dimen155
\lst@width=\dimen156
\lst@newlines=\count194
\lst@lineno=\count195
\lst@maxwidth=\dimen157
 (/usr/share/texmf-dist/tex/latex/listings/lstmisc.sty
File: lstmisc.sty 2020/03/24 1.8d (Carsten Heinz)
\c@lstnumber=\count196
\lst@skipnumbers=\count197
\lst@framebox=\box48
) (/usr/share/texmf-dist/tex/latex/listings/listings.cfg
File: listings.cfg 2020/03/24 1.8d listings configuration
))
Package: listings 2020/03/24 1.8d (Carsten Heinz)
 (/usr/share/texmf-dist/tex/latex/graphics/color.sty
Package: color 2019/11/23 v1.2a Standard LaTeX Color (DPC)
 (/usr/share/texmf-dist/tex/latex/graphics-cfg/color.cfg
File: color.cfg 2016/01/02 v1.6 sample color configuration
)
Package color Info: Driver file: pdftex.def on input line 147.
)
LaTeX Font Info:    Trying to load font information for T1+txtt on input line 36.
 (/usr/share/texmf-dist/tex/latex/txfonts/t1txtt.fd
File: t1txtt.fd 2000/12/15 v3.1
) (/usr/share/texmf-dist/tex/latex/l3backend/l3backend-pdfmode.def
File: l3backend-pdfmode.def 2020-06-03 L3 backend support: PDF mode
\l__kernel_color_stack_int=\count198
\l__pdf_internal_box=\box49
) (/home/guinea/notes/ee128/labs/lab5b/lab5b.aux)
LaTeX Font Info:    Checking defaults for OML/cmm/m/it on input line 81.
LaTeX Font Info:    ... okay on input line 81.
LaTeX Font Info:    Checking defaults for OMS/cmsy/m/n on input line 81.
LaTeX Font Info:    ... okay on input line 81.
LaTeX Font Info:    Checking defaults for OT1/cmr/m/n on input line 81.
LaTeX Font Info:    ... okay on input line 81.
LaTeX Font Info:    Checking defaults for T1/cmr/m/n on input line 81.
LaTeX Font Info:    ... okay on input line 81.
LaTeX Font Info:    Checking defaults for TS1/cmr/m/n on input line 81.
LaTeX Font Info:    ... okay on input line 81.
LaTeX Font Info:    Checking defaults for OMX/cmex/m/n on input line 81.
LaTeX Font Info:    ... okay on input line 81.
LaTeX Font Info:    Checking defaults for U/cmr/m/n on input line 81.
LaTeX Font Info:    ... okay on input line 81.

*geometry* driver: auto-detecting
*geometry* detected driver: pdftex
*geometry* verbose mode - [ preamble ] result:
* driver: pdftex
* paper: <default>
* layout: <same size as paper>
* layoutoffset:(h,v)=(0.0pt,0.0pt)
* modes: 
* h-part:(L,W,R)=(92.14519pt, 430.00462pt, 92.14519pt)
* v-part:(T,H,B)=(95.39737pt, 556.47656pt, 143.09605pt)
* \paperwidth=614.295pt
* \paperheight=794.96999pt
* \textwidth=469.75499pt
* \textheight=650.43pt
* \oddsidemargin=18.06749pt
* \evensidemargin=18.06749pt
* \topmargin=-54.2025pt
* \headheight=12.0pt
* \headsep=25.0pt
* \topskip=11.0pt
* \footskip=30.0pt
* \marginparwidth=59.0pt
* \marginparsep=10.0pt
* \columnsep=10.0pt
* \skip\footins=10.0pt plus 4.0pt minus 2.0pt
* \hoffset=0.0pt
* \voffset=0.0pt
* \mag=1000
* \@twocolumnfalse
* \@twosidefalse
* \@mparswitchfalse
* \@reversemarginfalse
* (1in=72.27pt=25.4mm, 1cm=28.453pt)

(/usr/share/texmf-dist/tex/context/base/mkii/supp-pdf.mkii
[Loading MPS to PDF converter (version 2006.09.02).]
\scratchcounter=\count199
\scratchdimen=\dimen158
\scratchbox=\box50
\nofMPsegments=\count266
\nofMParguments=\count267
\everyMPshowfont=\toks24
\MPscratchCnt=\count268
\MPscratchDim=\dimen159
\MPnumerator=\count269
\makeMPintoPDFobject=\count270
\everyMPtoPDFconversion=\toks25
) (/usr/share/texmf-dist/tex/latex/epstopdf-pkg/epstopdf-base.sty
Package: epstopdf-base 2020-01-24 v2.11 Base part for package epstopdf
Package epstopdf-base Info: Redefining graphics rule for `.eps' on input line 485.
 (/usr/share/texmf-dist/tex/latex/latexconfig/epstopdf-sys.cfg
File: epstopdf-sys.cfg 2010/07/13 v1.3 Configuration of (r)epstopdf for TeX Live
))
\c@lstlisting=\count271
<./figures/q43_alt.png, id=1, 867.24pt x 578.16pt>
File: ./figures/q43_alt.png Graphic file (type png)
<use ./figures/q43_alt.png>
Package pdftex.def Info: ./figures/q43_alt.png  used on input line 87.
(pdftex.def)             Requested size: 468.30264pt x 312.20175pt.
<./figures/q43_vel.png, id=2, 867.24pt x 578.16pt>
File: ./figures/q43_vel.png Graphic file (type png)
<use ./figures/q43_vel.png>
Package pdftex.def Info: ./figures/q43_vel.png  used on input line 88.
(pdftex.def)             Requested size: 468.30264pt x 312.20175pt.
<./figures/q43_rot.png, id=3, 867.24pt x 578.16pt>
File: ./figures/q43_rot.png Graphic file (type png)
<use ./figures/q43_rot.png>
Package pdftex.def Info: ./figures/q43_rot.png  used on input line 89.
(pdftex.def)             Requested size: 468.30264pt x 312.20175pt.
 [1{/var/lib/texmf/fonts/map/pdftex/updmap/pdftex.map}

 </home/guinea/notes/ee128/labs/lab5b/./figures/q43_alt.png (PNG copy)>] [2 </home/guinea/notes/ee128/labs/lab5b/./figures/q43_vel.png (PNG copy)>] [3 </home/guinea/notes/ee128/labs/lab5b/./figures/q43_rot.png (PNG copy)>]
<./figures/q51_time0.5.png, id=18, 867.24pt x 578.16pt>
File: ./figures/q51_time0.5.png Graphic file (type png)
<use ./figures/q51_time0.5.png>
Package pdftex.def Info: ./figures/q51_time0.5.png  used on input line 97.
(pdftex.def)             Requested size: 468.30264pt x 312.20175pt.
LaTeX Font Info:    Trying to load font information for U+msa on input line 97.
 (/usr/share/texmf-dist/tex/latex/amsfonts/umsa.fd
File: umsa.fd 2013/01/14 v3.01 AMS symbols A
)
LaTeX Font Info:    Trying to load font information for U+msb on input line 97.
 (/usr/share/texmf-dist/tex/latex/amsfonts/umsb.fd
File: umsb.fd 2013/01/14 v3.01 AMS symbols B
)
<./figures/q51_time0.75.png, id=19, 867.24pt x 578.16pt>
File: ./figures/q51_time0.75.png Graphic file (type png)
<use ./figures/q51_time0.75.png>
Package pdftex.def Info: ./figures/q51_time0.75.png  used on input line 98.
(pdftex.def)             Requested size: 468.30264pt x 312.20175pt.
<./figures/q51_time1.0.png, id=20, 867.24pt x 578.16pt>
File: ./figures/q51_time1.0.png Graphic file (type png)
<use ./figures/q51_time1.0.png>
Package pdftex.def Info: ./figures/q51_time1.0.png  used on input line 99.
(pdftex.def)             Requested size: 468.30264pt x 312.20175pt.
<./figures/q51_time2.0.png, id=21, 867.24pt x 578.16pt>
File: ./figures/q51_time2.0.png Graphic file (type png)
<use ./figures/q51_time2.0.png>
Package pdftex.def Info: ./figures/q51_time2.0.png  used on input line 100.
(pdftex.def)             Requested size: 468.30264pt x 312.20175pt.
<./figures/q51_time4.0.png, id=22, 867.24pt x 578.16pt>
File: ./figures/q51_time4.0.png Graphic file (type png)
<use ./figures/q51_time4.0.png>
Package pdftex.def Info: ./figures/q51_time4.0.png  used on input line 101.
(pdftex.def)             Requested size: 468.30264pt x 312.20175pt.
<./figures/q51_ft_0.5.png, id=23, 539.616pt x 404.712pt>
File: ./figures/q51_ft_0.5.png Graphic file (type png)
<use ./figures/q51_ft_0.5.png>
Package pdftex.def Info: ./figures/q51_ft_0.5.png  used on input line 103.
(pdftex.def)             Requested size: 453.27435pt x 339.95576pt.
<./figures/q51_ft_0.75.png, id=24, 539.616pt x 404.712pt>
File: ./figures/q51_ft_0.75.png Graphic file (type png)
<use ./figures/q51_ft_0.75.png>
Package pdftex.def Info: ./figures/q51_ft_0.75.png  used on input line 104.
(pdftex.def)             Requested size: 453.27435pt x 339.95576pt.
<./figures/q51_ft_1.0.png, id=25, 539.616pt x 404.712pt>
File: ./figures/q51_ft_1.0.png Graphic file (type png)
<use ./figures/q51_ft_1.0.png>
Package pdftex.def Info: ./figures/q51_ft_1.0.png  used on input line 105.
(pdftex.def)             Requested size: 453.27435pt x 339.95576pt.
<./figures/q51_ft_2.0.png, id=26, 539.616pt x 404.712pt>
File: ./figures/q51_ft_2.0.png Graphic file (type png)
<use ./figures/q51_ft_2.0.png>
Package pdftex.def Info: ./figures/q51_ft_2.0.png  used on input line 106.
(pdftex.def)             Requested size: 453.27435pt x 339.95576pt.
<./figures/q51_ft_4.0.png, id=27, 539.616pt x 404.712pt>
File: ./figures/q51_ft_4.0.png Graphic file (type png)
<use ./figures/q51_ft_4.0.png>
Package pdftex.def Info: ./figures/q51_ft_4.0.png  used on input line 107.
(pdftex.def)             Requested size: 453.27435pt x 339.95576pt.
 [4

 </home/guinea/notes/ee128/labs/lab5b/./figures/q51_time0.5.png (PNG copy)>] [5 </home/guinea/notes/ee128/labs/lab5b/./figures/q51_time0.75.png (PNG copy)>] [6 </home/guinea/notes/ee128/labs/lab5b/./figures/q51_time1.0.png (PNG copy)>] [7 </home/guinea/notes/ee128/labs/lab5b/./figures/q51_time2.0.png (PNG copy)>] [8 </home/guinea/notes/ee128/labs/lab5b/./figures/q51_time4.0.png (PNG copy)>] [9 </home/guinea/notes/ee128/labs/lab5b/./figures/q51_ft_0.5.png (PNG copy)>] [10 </home/guinea/notes/ee128/labs/lab5b/./figures/q51_ft_0.75.png (PNG copy)>] [11 </home/guinea/notes/ee128/labs/lab5b/./figures/q51_ft_1.0.png (PNG copy)>] [12 </home/guinea/notes/ee128/labs/lab5b/./figures/q51_ft_2.0.png (PNG copy)>] [13 </home/guinea/notes/ee128/labs/lab5b/./figures/q51_ft_4.0.png (PNG copy)>]
<./figures/q51_bode.png, id=61, 539.616pt x 404.712pt>
File: ./figures/q51_bode.png Graphic file (type png)
<use ./figures/q51_bode.png>
Package pdftex.def Info: ./figures/q51_bode.png  used on input line 112.
(pdftex.def)             Requested size: 453.27435pt x 339.95576pt.
 (/usr/share/texmf-dist/tex/latex/listings/lstlang1.sty
File: lstlang1.sty 2020/03/24 1.8d listings language file
) (/home/guinea/notes/ee128/labs/lab5b/code/q51.m [14

 </home/guinea/notes/ee128/labs/lab5b/./figures/q51_bode.png (PNG copy)>] [15]) [16] (/usr/share/texmf-dist/tex/latex/listings/lstlang1.sty
File: lstlang1.sty 2020/03/24 1.8d listings language file
)
<./figures/q52.png, id=74, 867.24pt x 578.16pt>
File: ./figures/q52.png Graphic file (type png)
<use ./figures/q52.png>
Package pdftex.def Info: ./figures/q52.png  used on input line 150.
(pdftex.def)             Requested size: 607.06387pt x 404.70924pt.
 [17

] [18 </home/guinea/notes/ee128/labs/lab5b/./figures/q52.png (PNG copy)>] (/home/guinea/notes/ee128/labs/lab5b/code/q52.m) [19

]
<./figures/q531.png, id=87, 867.24pt x 578.16pt>
File: ./figures/q531.png Graphic file (type png)
<use ./figures/q531.png>
Package pdftex.def Info: ./figures/q531.png  used on input line 182.
(pdftex.def)             Requested size: 607.06387pt x 404.70924pt.
 [20 </home/guinea/notes/ee128/labs/lab5b/./figures/q531.png (PNG copy)>]
<./figures/q532.png, id=91, 867.24pt x 578.16pt>
File: ./figures/q532.png Graphic file (type png)
<use ./figures/q532.png>
Package pdftex.def Info: ./figures/q532.png  used on input line 191.
(pdftex.def)             Requested size: 563.69934pt x 375.79955pt.
 [21

 </home/guinea/notes/ee128/labs/lab5b/./figures/q532.png (PNG copy)>] [22

] (/home/guinea/notes/ee128/labs/lab5b/lab5b.aux) ) 
Here is how much of TeX's memory you used:
 5494 strings out of 480478
 71602 string characters out of 5905958
 557439 words of memory out of 5000000
 21447 multiletter control sequences out of 15000+600000
 541549 words of font info for 60 fonts, out of 8000000 for 9000
 1141 hyphenation exceptions out of 8191
 34i,8n,40p,441b,2206s stack positions out of 5000i,500n,10000p,200000b,80000s
</usr/share/texmf-dist/fonts/type1/public/amsfonts/cm/cmbx10.pfb></usr/share/texmf-dist/fonts/type1/public/amsfonts/cm/cmbx12.pfb></usr/share/texmf-dist/fonts/type1/public/amsfonts/cm/cmmi10.pfb></usr/share/texmf-dist/fonts/type1/public/amsfonts/cm/cmmi8.pfb></usr/share/texmf-dist/fonts/type1/public/amsfonts/cm/cmr10.pfb></usr/share/texmf-dist/fonts/type1/public/amsfonts/cm/cmsl10.pfb></usr/share/texmf-dist/fonts/type1/public/amsfonts/cm/cmsy10.pfb></usr/share/texmf-dist/fonts/type1/public/amsfonts/cm/cmtt10.pfb></usr/share/texmf-dist/fonts/type1/public/txfonts/t1xbtt.pfb>
Output written on /home/guinea/notes/ee128/labs/lab5b/lab5b.pdf (22 pages, 1587635 bytes).
PDF statistics:
 128 PDF objects out of 1000 (max. 8388607)
 77 compressed objects within 1 object stream
 0 named destinations out of 1000 (max. 500000)
 86 words of extra memory for PDF output out of 10000 (max. 10000000)

